[1.031s] DEBUG:colcon:Command line arguments: ['/usr/bin/colcon', 'build']
[1.031s] DEBUG:colcon:Parsed command line arguments: Namespace(log_base=None, log_level=None, verb_name='build', build_base='build', install_base='install', merge_install=False, symlink_install=False, test_result_base=None, continue_on_error=False, executor='parallel', parallel_workers=8, event_handlers=None, ignore_user_meta=False, metas=['./colcon.meta'], base_paths=['.'], packages_ignore=None, packages_ignore_regex=None, paths=None, packages_up_to=None, packages_up_to_regex=None, packages_above=None, packages_above_and_dependencies=None, packages_above_depth=None, packages_select_by_dep=None, packages_skip_by_dep=None, packages_skip_up_to=None, packages_select_build_failed=False, packages_skip_build_finished=False, packages_select_test_failures=False, packages_skip_test_passed=False, packages_select=None, packages_skip=None, packages_select_regex=None, packages_skip_regex=None, packages_start=None, packages_end=None, allow_overriding=[], cmake_args=None, cmake_target=None, cmake_target_skip_unavailable=False, cmake_clean_cache=False, cmake_clean_first=False, cmake_force_configure=False, ament_cmake_args=None, catkin_cmake_args=None, catkin_skip_building_tests=False, verb_parser=<colcon_defaults.argument_parser.defaults.DefaultArgumentsDecorator object at 0x7f15e1317ee0>, verb_extension=<colcon_core.verb.build.BuildVerb object at 0x7f15e1325210>, main=<bound method BuildVerb.main of <colcon_core.verb.build.BuildVerb object at 0x7f15e1325210>>)
[1.078s] Level 1:colcon.colcon_core.package_discovery:discover_packages(colcon_meta) check parameters
[1.078s] Level 1:colcon.colcon_core.package_discovery:discover_packages(recursive) check parameters
[1.078s] Level 1:colcon.colcon_core.package_discovery:discover_packages(ignore) check parameters
[1.078s] Level 1:colcon.colcon_core.package_discovery:discover_packages(path) check parameters
[1.078s] Level 1:colcon.colcon_core.package_discovery:discover_packages(colcon_meta) discover
[1.078s] Level 1:colcon.colcon_core.package_discovery:discover_packages(recursive) discover
[1.078s] INFO:colcon.colcon_core.package_discovery:Crawling recursively for packages in '/home/feihu/shaobing/feihu/src/robot_cartographer'
[1.078s] Level 1:colcon.colcon_core.package_identification:_identify(.) by extensions ['ignore', 'ignore_ament_install']
[1.078s] Level 1:colcon.colcon_core.package_identification:_identify(.) by extension 'ignore'
[1.078s] Level 1:colcon.colcon_core.package_identification:_identify(.) by extension 'ignore_ament_install'
[1.078s] Level 1:colcon.colcon_core.package_identification:_identify(.) by extensions ['colcon_pkg']
[1.078s] Level 1:colcon.colcon_core.package_identification:_identify(.) by extension 'colcon_pkg'
[1.078s] Level 1:colcon.colcon_core.package_identification:_identify(.) by extensions ['colcon_meta']
[1.078s] Level 1:colcon.colcon_core.package_identification:_identify(.) by extension 'colcon_meta'
[1.078s] Level 1:colcon.colcon_core.package_identification:_identify(.) by extensions ['ros']
[1.078s] Level 1:colcon.colcon_core.package_identification:_identify(.) by extension 'ros'
[1.091s] DEBUG:colcon.colcon_core.package_identification:Package '.' with type 'ros.ament_cmake' and name 'robot_cartographer'
[1.091s] Level 1:colcon.colcon_core.package_discovery:discover_packages(recursive) using defaults
[1.091s] Level 1:colcon.colcon_core.package_discovery:discover_packages(ignore) discover
[1.091s] Level 1:colcon.colcon_core.package_discovery:discover_packages(ignore) using defaults
[1.091s] Level 1:colcon.colcon_core.package_discovery:discover_packages(path) discover
[1.091s] Level 1:colcon.colcon_core.package_discovery:discover_packages(path) using defaults
[1.186s] Level 1:colcon.colcon_core.package_discovery:discover_packages(prefix_path) check parameters
[1.186s] Level 1:colcon.colcon_core.package_discovery:discover_packages(prefix_path) discover
[1.217s] DEBUG:colcon.colcon_installed_package_information.package_discovery:Found 9 installed packages in /home/feihu/shaobing/ros2_ws/install
[1.233s] DEBUG:colcon.colcon_installed_package_information.package_discovery:Found 395 installed packages in /opt/ros/humble
[1.235s] Level 1:colcon.colcon_core.package_discovery:discover_packages(prefix_path) using defaults
[1.349s] Level 5:colcon.colcon_core.verb:set package 'robot_cartographer' build argument 'cmake_args' from command line to 'None'
[1.349s] Level 5:colcon.colcon_core.verb:set package 'robot_cartographer' build argument 'cmake_target' from command line to 'None'
[1.349s] Level 5:colcon.colcon_core.verb:set package 'robot_cartographer' build argument 'cmake_target_skip_unavailable' from command line to 'False'
[1.349s] Level 5:colcon.colcon_core.verb:set package 'robot_cartographer' build argument 'cmake_clean_cache' from command line to 'False'
[1.349s] Level 5:colcon.colcon_core.verb:set package 'robot_cartographer' build argument 'cmake_clean_first' from command line to 'False'
[1.349s] Level 5:colcon.colcon_core.verb:set package 'robot_cartographer' build argument 'cmake_force_configure' from command line to 'False'
[1.350s] Level 5:colcon.colcon_core.verb:set package 'robot_cartographer' build argument 'ament_cmake_args' from command line to 'None'
[1.350s] Level 5:colcon.colcon_core.verb:set package 'robot_cartographer' build argument 'catkin_cmake_args' from command line to 'None'
[1.350s] Level 5:colcon.colcon_core.verb:set package 'robot_cartographer' build argument 'catkin_skip_building_tests' from command line to 'False'
[1.350s] DEBUG:colcon.colcon_core.verb:Building package 'robot_cartographer' with the following arguments: {'ament_cmake_args': None, 'build_base': '/home/feihu/shaobing/feihu/src/robot_cartographer/build/robot_cartographer', 'catkin_cmake_args': None, 'catkin_skip_building_tests': False, 'cmake_args': None, 'cmake_clean_cache': False, 'cmake_clean_first': False, 'cmake_force_configure': False, 'cmake_target': None, 'cmake_target_skip_unavailable': False, 'install_base': '/home/feihu/shaobing/feihu/src/robot_cartographer/install/robot_cartographer', 'merge_install': False, 'path': '/home/feihu/shaobing/feihu/src/robot_cartographer', 'symlink_install': False, 'test_result_base': None}
[1.365s] INFO:colcon.colcon_core.executor:Executing jobs using 'parallel' executor
[1.381s] DEBUG:colcon.colcon_parallel_executor.executor.parallel:run_until_complete
[1.382s] INFO:colcon.colcon_ros.task.ament_cmake.build:Building ROS package in '/home/feihu/shaobing/feihu/src/robot_cartographer' with build type 'ament_cmake'
[1.382s] INFO:colcon.colcon_cmake.task.cmake.build:Building CMake package in '/home/feihu/shaobing/feihu/src/robot_cartographer'
[1.406s] INFO:colcon.colcon_core.plugin_system:Skipping extension 'colcon_core.shell.bat': Not used on non-Windows systems
[1.407s] INFO:colcon.colcon_core.shell:Skip shell extension 'powershell' for command environment: Not usable outside of PowerShell
[1.407s] DEBUG:colcon.colcon_core.shell:Skip shell extension 'dsv' for command environment
[1.468s] DEBUG:colcon.colcon_core.event_handler.log_command:Invoking command in '/home/feihu/shaobing/feihu/src/robot_cartographer/build/robot_cartographer': CMAKE_PREFIX_PATH=${CMAKE_PREFIX_PATH}:/opt/ros/humble /usr/bin/cmake /home/feihu/shaobing/feihu/src/robot_cartographer -DCMAKE_INSTALL_PREFIX=/home/feihu/shaobing/feihu/src/robot_cartographer/install/robot_cartographer
[2.247s] DEBUG:colcon.colcon_core.event_handler.log_command:Invoked command in '/home/feihu/shaobing/feihu/src/robot_cartographer/build/robot_cartographer' returned '0': CMAKE_PREFIX_PATH=${CMAKE_PREFIX_PATH}:/opt/ros/humble /usr/bin/cmake /home/feihu/shaobing/feihu/src/robot_cartographer -DCMAKE_INSTALL_PREFIX=/home/feihu/shaobing/feihu/src/robot_cartographer/install/robot_cartographer
[2.249s] DEBUG:colcon.colcon_core.event_handler.log_command:Invoking command in '/home/feihu/shaobing/feihu/src/robot_cartographer/build/robot_cartographer': CMAKE_PREFIX_PATH=${CMAKE_PREFIX_PATH}:/opt/ros/humble /usr/bin/cmake --build /home/feihu/shaobing/feihu/src/robot_cartographer/build/robot_cartographer -- -j8 -l8
[2.294s] DEBUG:colcon.colcon_core.event_handler.log_command:Invoked command in '/home/feihu/shaobing/feihu/src/robot_cartographer/build/robot_cartographer' returned '0': CMAKE_PREFIX_PATH=${CMAKE_PREFIX_PATH}:/opt/ros/humble /usr/bin/cmake --build /home/feihu/shaobing/feihu/src/robot_cartographer/build/robot_cartographer -- -j8 -l8
[2.333s] DEBUG:colcon.colcon_core.event_handler.log_command:Invoking command in '/home/feihu/shaobing/feihu/src/robot_cartographer/build/robot_cartographer': CMAKE_PREFIX_PATH=${CMAKE_PREFIX_PATH}:/opt/ros/humble /usr/bin/cmake --install /home/feihu/shaobing/feihu/src/robot_cartographer/build/robot_cartographer
[2.347s] Level 1:colcon.colcon_core.environment:create_environment_scripts_only(robot_cartographer)
[2.347s] DEBUG:colcon.colcon_core.event_handler.log_command:Invoked command in '/home/feihu/shaobing/feihu/src/robot_cartographer/build/robot_cartographer' returned '0': CMAKE_PREFIX_PATH=${CMAKE_PREFIX_PATH}:/opt/ros/humble /usr/bin/cmake --install /home/feihu/shaobing/feihu/src/robot_cartographer/build/robot_cartographer
[2.366s] Level 1:colcon.colcon_core.environment:checking '/home/feihu/shaobing/feihu/src/robot_cartographer/install/robot_cartographer' for CMake module files
[2.367s] Level 1:colcon.colcon_core.environment:checking '/home/feihu/shaobing/feihu/src/robot_cartographer/install/robot_cartographer' for CMake config files
[2.367s] Level 1:colcon.colcon_core.shell:create_environment_hook('robot_cartographer', 'cmake_prefix_path')
[2.388s] INFO:colcon.colcon_core.shell:Creating environment hook '/home/feihu/shaobing/feihu/src/robot_cartographer/install/robot_cartographer/share/robot_cartographer/hook/cmake_prefix_path.ps1'
[2.389s] INFO:colcon.colcon_core.shell:Creating environment descriptor '/home/feihu/shaobing/feihu/src/robot_cartographer/install/robot_cartographer/share/robot_cartographer/hook/cmake_prefix_path.dsv'
[2.389s] INFO:colcon.colcon_core.shell:Creating environment hook '/home/feihu/shaobing/feihu/src/robot_cartographer/install/robot_cartographer/share/robot_cartographer/hook/cmake_prefix_path.sh'
[2.390s] Level 1:colcon.colcon_core.environment:checking '/home/feihu/shaobing/feihu/src/robot_cartographer/install/robot_cartographer/bin'
[2.390s] Level 1:colcon.colcon_core.environment:checking '/home/feihu/shaobing/feihu/src/robot_cartographer/install/robot_cartographer/lib/pkgconfig/robot_cartographer.pc'
[2.391s] Level 1:colcon.colcon_core.environment:checking '/home/feihu/shaobing/feihu/src/robot_cartographer/install/robot_cartographer/lib/python3.10/site-packages'
[2.391s] Level 1:colcon.colcon_core.environment:checking '/home/feihu/shaobing/feihu/src/robot_cartographer/install/robot_cartographer/bin'
[2.410s] INFO:colcon.colcon_core.shell:Creating package script '/home/feihu/shaobing/feihu/src/robot_cartographer/install/robot_cartographer/share/robot_cartographer/package.ps1'
[2.410s] INFO:colcon.colcon_core.shell:Creating package descriptor '/home/feihu/shaobing/feihu/src/robot_cartographer/install/robot_cartographer/share/robot_cartographer/package.dsv'
[2.411s] INFO:colcon.colcon_core.shell:Creating package script '/home/feihu/shaobing/feihu/src/robot_cartographer/install/robot_cartographer/share/robot_cartographer/package.sh'
[2.411s] INFO:colcon.colcon_core.shell:Creating package script '/home/feihu/shaobing/feihu/src/robot_cartographer/install/robot_cartographer/share/robot_cartographer/package.bash'
[2.412s] INFO:colcon.colcon_core.shell:Creating package script '/home/feihu/shaobing/feihu/src/robot_cartographer/install/robot_cartographer/share/robot_cartographer/package.zsh'
[2.413s] Level 1:colcon.colcon_core.environment:create_file_with_runtime_dependencies(/home/feihu/shaobing/feihu/src/robot_cartographer/install/robot_cartographer/share/colcon-core/packages/robot_cartographer)
[2.455s] Level 1:colcon.colcon_core.environment:create_environment_scripts_only(robot_cartographer)
[2.470s] Level 1:colcon.colcon_core.environment:checking '/home/feihu/shaobing/feihu/src/robot_cartographer/install/robot_cartographer' for CMake module files
[2.471s] Level 1:colcon.colcon_core.environment:checking '/home/feihu/shaobing/feihu/src/robot_cartographer/install/robot_cartographer' for CMake config files
[2.471s] Level 1:colcon.colcon_core.shell:create_environment_hook('robot_cartographer', 'cmake_prefix_path')
[2.489s] INFO:colcon.colcon_core.shell:Creating environment hook '/home/feihu/shaobing/feihu/src/robot_cartographer/install/robot_cartographer/share/robot_cartographer/hook/cmake_prefix_path.ps1'
[2.489s] INFO:colcon.colcon_core.shell:Creating environment descriptor '/home/feihu/shaobing/feihu/src/robot_cartographer/install/robot_cartographer/share/robot_cartographer/hook/cmake_prefix_path.dsv'
[2.490s] INFO:colcon.colcon_core.shell:Creating environment hook '/home/feihu/shaobing/feihu/src/robot_cartographer/install/robot_cartographer/share/robot_cartographer/hook/cmake_prefix_path.sh'
[2.491s] Level 1:colcon.colcon_core.environment:checking '/home/feihu/shaobing/feihu/src/robot_cartographer/install/robot_cartographer/bin'
[2.491s] Level 1:colcon.colcon_core.environment:checking '/home/feihu/shaobing/feihu/src/robot_cartographer/install/robot_cartographer/lib/pkgconfig/robot_cartographer.pc'
[2.491s] Level 1:colcon.colcon_core.environment:checking '/home/feihu/shaobing/feihu/src/robot_cartographer/install/robot_cartographer/lib/python3.10/site-packages'
[2.491s] Level 1:colcon.colcon_core.environment:checking '/home/feihu/shaobing/feihu/src/robot_cartographer/install/robot_cartographer/bin'
[2.513s] INFO:colcon.colcon_core.shell:Creating package script '/home/feihu/shaobing/feihu/src/robot_cartographer/install/robot_cartographer/share/robot_cartographer/package.ps1'
[2.514s] INFO:colcon.colcon_core.shell:Creating package descriptor '/home/feihu/shaobing/feihu/src/robot_cartographer/install/robot_cartographer/share/robot_cartographer/package.dsv'
[2.514s] INFO:colcon.colcon_core.shell:Creating package script '/home/feihu/shaobing/feihu/src/robot_cartographer/install/robot_cartographer/share/robot_cartographer/package.sh'
[2.514s] INFO:colcon.colcon_core.shell:Creating package script '/home/feihu/shaobing/feihu/src/robot_cartographer/install/robot_cartographer/share/robot_cartographer/package.bash'
[2.515s] INFO:colcon.colcon_core.shell:Creating package script '/home/feihu/shaobing/feihu/src/robot_cartographer/install/robot_cartographer/share/robot_cartographer/package.zsh'
[2.515s] Level 1:colcon.colcon_core.environment:create_file_with_runtime_dependencies(/home/feihu/shaobing/feihu/src/robot_cartographer/install/robot_cartographer/share/colcon-core/packages/robot_cartographer)
[2.515s] DEBUG:colcon.colcon_parallel_executor.executor.parallel:closing loop
[2.515s] DEBUG:colcon.colcon_parallel_executor.executor.parallel:loop closed
[2.516s] DEBUG:colcon.colcon_parallel_executor.executor.parallel:run_until_complete finished with '0'
[2.516s] DEBUG:colcon.colcon_core.event_reactor:joining thread
[2.544s] INFO:colcon.colcon_core.plugin_system:Skipping extension 'colcon_notification.desktop_notification.terminal_notifier': Not used on non-Darwin systems
[2.545s] INFO:colcon.colcon_core.plugin_system:Skipping extension 'colcon_notification.desktop_notification.win32': Not used on non-Windows systems
[2.545s] INFO:colcon.colcon_notification.desktop_notification:Sending desktop notification using 'notify2'
[2.557s] DEBUG:colcon.colcon_core.event_reactor:joined thread
[2.574s] INFO:colcon.colcon_core.shell:Creating prefix script '/home/feihu/shaobing/feihu/src/robot_cartographer/install/local_setup.ps1'
[2.575s] INFO:colcon.colcon_core.shell:Creating prefix util module '/home/feihu/shaobing/feihu/src/robot_cartographer/install/_local_setup_util_ps1.py'
[2.576s] INFO:colcon.colcon_core.shell:Creating prefix chain script '/home/feihu/shaobing/feihu/src/robot_cartographer/install/setup.ps1'
[2.593s] INFO:colcon.colcon_core.shell:Creating prefix script '/home/feihu/shaobing/feihu/src/robot_cartographer/install/local_setup.sh'
[2.594s] INFO:colcon.colcon_core.shell:Creating prefix util module '/home/feihu/shaobing/feihu/src/robot_cartographer/install/_local_setup_util_sh.py'
[2.594s] INFO:colcon.colcon_core.shell:Creating prefix chain script '/home/feihu/shaobing/feihu/src/robot_cartographer/install/setup.sh'
[2.611s] INFO:colcon.colcon_core.shell:Creating prefix script '/home/feihu/shaobing/feihu/src/robot_cartographer/install/local_setup.bash'
[2.612s] INFO:colcon.colcon_core.shell:Creating prefix chain script '/home/feihu/shaobing/feihu/src/robot_cartographer/install/setup.bash'
[2.628s] INFO:colcon.colcon_core.shell:Creating prefix script '/home/feihu/shaobing/feihu/src/robot_cartographer/install/local_setup.zsh'
[2.628s] INFO:colcon.colcon_core.shell:Creating prefix chain script '/home/feihu/shaobing/feihu/src/robot_cartographer/install/setup.zsh'
