[0.086s] Invoking command in '/home/feihu/shaobing/feihu/src/robot_cartographer/build/robot_cartographer': CMAKE_PREFIX_PATH=${CMAKE_PREFIX_PATH}:/opt/ros/humble /usr/bin/cmake /home/feihu/shaobing/feihu/src/robot_cartographer -DCMAKE_INSTALL_PREFIX=/home/feihu/shaobing/feihu/src/robot_cartographer/install/robot_cartographer
[0.152s] -- The C compiler identification is GNU 11.4.0
[0.212s] -- The CXX compiler identification is GNU 11.4.0
[0.223s] -- Detecting C compiler ABI info
[0.320s] -- Detecting C compiler ABI info - done
[0.329s] -- Check for working C compiler: /usr/bin/cc - skipped
[0.329s] -- Detecting C compile features
[0.330s] -- Detecting C compile features - done
[0.333s] -- Detecting CXX compiler ABI info
[0.420s] -- Detecting CXX compiler ABI info - done
[0.428s] -- Check for working CXX compiler: /usr/bin/c++ - skipped
[0.429s] -- Detecting CXX compile features
[0.429s] -- Detecting CXX compile features - done
[0.433s] -- Found ament_cmake: 1.3.5 (/opt/ros/humble/share/ament_cmake/cmake)
[0.618s] -- Found Python3: /usr/bin/python3.10 (found version "3.10.12") found components: Interpreter 
[0.724s] -- Found ament_lint_auto: 0.12.8 (/opt/ros/humble/share/ament_lint_auto/cmake)
[0.826s] -- Added test 'copyright' to check source files copyright and LICENSE
[0.833s] -- Added test 'cppcheck' to perform static code analysis on C / C++ code
[0.833s] -- Configured cppcheck include dirs: 
[0.833s] -- Configured cppcheck exclude dirs and/or files: 
[0.839s] -- Added test 'cpplint' to check C / C++ code against the Google style
[0.839s] -- Configured cpplint exclude dirs and/or files: 
[0.841s] -- Added test 'flake8' to check Python code syntax and style conventions
[0.844s] -- Added test 'lint_cmake' to check CMake code style
[0.845s] -- Added test 'pep257' to check Python code against some of the docstring style conventions in PEP 257
[0.852s] -- Added test 'uncrustify' to check C / C++ code style
[0.852s] -- Configured uncrustify additional arguments: 
[0.854s] -- Added test 'xmllint' to check XML markup files
[0.855s] -- Configuring done
[0.859s] -- Generating done
[0.860s] -- Build files have been written to: /home/feihu/shaobing/feihu/src/robot_cartographer/build/robot_cartographer
[0.865s] Invoked command in '/home/feihu/shaobing/feihu/src/robot_cartographer/build/robot_cartographer' returned '0': CMAKE_PREFIX_PATH=${CMAKE_PREFIX_PATH}:/opt/ros/humble /usr/bin/cmake /home/feihu/shaobing/feihu/src/robot_cartographer -DCMAKE_INSTALL_PREFIX=/home/feihu/shaobing/feihu/src/robot_cartographer/install/robot_cartographer
[0.867s] Invoking command in '/home/feihu/shaobing/feihu/src/robot_cartographer/build/robot_cartographer': CMAKE_PREFIX_PATH=${CMAKE_PREFIX_PATH}:/opt/ros/humble /usr/bin/cmake --build /home/feihu/shaobing/feihu/src/robot_cartographer/build/robot_cartographer -- -j8 -l8
[0.912s] Invoked command in '/home/feihu/shaobing/feihu/src/robot_cartographer/build/robot_cartographer' returned '0': CMAKE_PREFIX_PATH=${CMAKE_PREFIX_PATH}:/opt/ros/humble /usr/bin/cmake --build /home/feihu/shaobing/feihu/src/robot_cartographer/build/robot_cartographer -- -j8 -l8
[0.951s] Invoking command in '/home/feihu/shaobing/feihu/src/robot_cartographer/build/robot_cartographer': CMAKE_PREFIX_PATH=${CMAKE_PREFIX_PATH}:/opt/ros/humble /usr/bin/cmake --install /home/feihu/shaobing/feihu/src/robot_cartographer/build/robot_cartographer
[0.959s] -- Install configuration: ""
[0.960s] -- Installing: /home/feihu/shaobing/feihu/src/robot_cartographer/install/robot_cartographer/share/robot_cartographer/config
[0.960s] -- Installing: /home/feihu/shaobing/feihu/src/robot_cartographer/install/robot_cartographer/share/robot_cartographer/config/cartographer.rviz
[0.960s] -- Installing: /home/feihu/shaobing/feihu/src/robot_cartographer/install/robot_cartographer/share/robot_cartographer/config/fishbot_2d.lua
[0.960s] -- Installing: /home/feihu/shaobing/feihu/src/robot_cartographer/install/robot_cartographer/share/robot_cartographer/config/fishbot_laser_2d.lua
[0.960s] -- Installing: /home/feihu/shaobing/feihu/src/robot_cartographer/install/robot_cartographer/share/robot_cartographer/launch
[0.960s] -- Installing: /home/feihu/shaobing/feihu/src/robot_cartographer/install/robot_cartographer/share/robot_cartographer/launch/cartographer.launch.py
[0.961s] -- Installing: /home/feihu/shaobing/feihu/src/robot_cartographer/install/robot_cartographer/share/robot_cartographer/rviz
[0.961s] -- Installing: /home/feihu/shaobing/feihu/src/robot_cartographer/install/robot_cartographer/share/robot_cartographer/rviz/fishbot_cartographer.rviz
[0.961s] -- Installing: /home/feihu/shaobing/feihu/src/robot_cartographer/install/robot_cartographer/share/ament_index/resource_index/package_run_dependencies/robot_cartographer
[0.961s] -- Installing: /home/feihu/shaobing/feihu/src/robot_cartographer/install/robot_cartographer/share/ament_index/resource_index/parent_prefix_path/robot_cartographer
[0.961s] -- Installing: /home/feihu/shaobing/feihu/src/robot_cartographer/install/robot_cartographer/share/robot_cartographer/environment/ament_prefix_path.sh
[0.961s] -- Installing: /home/feihu/shaobing/feihu/src/robot_cartographer/install/robot_cartographer/share/robot_cartographer/environment/ament_prefix_path.dsv
[0.961s] -- Installing: /home/feihu/shaobing/feihu/src/robot_cartographer/install/robot_cartographer/share/robot_cartographer/environment/path.sh
[0.962s] -- Installing: /home/feihu/shaobing/feihu/src/robot_cartographer/install/robot_cartographer/share/robot_cartographer/environment/path.dsv
[0.962s] -- Installing: /home/feihu/shaobing/feihu/src/robot_cartographer/install/robot_cartographer/share/robot_cartographer/local_setup.bash
[0.962s] -- Installing: /home/feihu/shaobing/feihu/src/robot_cartographer/install/robot_cartographer/share/robot_cartographer/local_setup.sh
[0.962s] -- Installing: /home/feihu/shaobing/feihu/src/robot_cartographer/install/robot_cartographer/share/robot_cartographer/local_setup.zsh
[0.962s] -- Installing: /home/feihu/shaobing/feihu/src/robot_cartographer/install/robot_cartographer/share/robot_cartographer/local_setup.dsv
[0.962s] -- Installing: /home/feihu/shaobing/feihu/src/robot_cartographer/install/robot_cartographer/share/robot_cartographer/package.dsv
[0.963s] -- Installing: /home/feihu/shaobing/feihu/src/robot_cartographer/install/robot_cartographer/share/ament_index/resource_index/packages/robot_cartographer
[0.963s] -- Installing: /home/feihu/shaobing/feihu/src/robot_cartographer/install/robot_cartographer/share/robot_cartographer/cmake/robot_cartographerConfig.cmake
[0.963s] -- Installing: /home/feihu/shaobing/feihu/src/robot_cartographer/install/robot_cartographer/share/robot_cartographer/cmake/robot_cartographerConfig-version.cmake
[0.963s] -- Installing: /home/feihu/shaobing/feihu/src/robot_cartographer/install/robot_cartographer/share/robot_cartographer/package.xml
[0.965s] Invoked command in '/home/feihu/shaobing/feihu/src/robot_cartographer/build/robot_cartographer' returned '0': CMAKE_PREFIX_PATH=${CMAKE_PREFIX_PATH}:/opt/ros/humble /usr/bin/cmake --install /home/feihu/shaobing/feihu/src/robot_cartographer/build/robot_cartographer
