[0.027s] Invoking command in '/home/feihu/shaobing/feihu/src/robot_preparation/linefit_ground_segementation_ros2/build/linefit_ground_segmentation_ros': AMENT_PREFIX_PATH=/home/feihu/shaobing/feihu/src/robot_preparation/linefit_ground_segementation_ros2/install/linefit_ground_segmentation:${AMENT_PREFIX_PATH} CMAKE_PREFIX_PATH=/home/feihu/shaobing/feihu/src/robot_preparation/linefit_ground_segementation_ros2/install/linefit_ground_segmentation:/opt/ros/humble LD_LIBRARY_PATH=/home/feihu/shaobing/feihu/src/robot_preparation/linefit_ground_segementation_ros2/install/linefit_ground_segmentation/lib:/opt/MVS/lib/64:/opt/MVS/lib/32:/opt/MVS/lib/64:/opt/MVS/lib/32:/opt/MVS/lib/64:/opt/MVS/lib/32:/usr/lib/x86_64-linux-gnu/gazebo-11/plugins:/opt/ros/humble/opt/rviz_ogre_vendor/lib:/opt/ros/humble/lib/x86_64-linux-gnu:/opt/ros/humble/lib:/opt/MVS/lib/64:/opt/MVS/lib/32:/opt/MVS/lib/64:/opt/MVS/lib/32:/opt/MVS/lib/64:/opt/MVS/lib/32 /usr/bin/cmake /home/feihu/shaobing/feihu/src/robot_preparation/linefit_ground_segementation_ros2/linefit_ground_segmentation_ros -DCMAKE_INSTALL_PREFIX=/home/feihu/shaobing/feihu/src/robot_preparation/linefit_ground_segementation_ros2/install/linefit_ground_segmentation_ros
[0.071s] -- The C compiler identification is GNU 11.4.0
[0.110s] -- The CXX compiler identification is GNU 11.4.0
[0.115s] -- Detecting C compiler ABI info
[0.157s] -- Detecting C compiler ABI info - done
[0.164s] -- Check for working C compiler: /usr/bin/cc - skipped
[0.164s] -- Detecting C compile features
[0.165s] -- Detecting C compile features - done
[0.167s] -- Detecting CXX compiler ABI info
[0.226s] -- Detecting CXX compiler ABI info - done
[0.233s] -- Check for working CXX compiler: /usr/bin/c++ - skipped
[0.233s] -- Detecting CXX compile features
[0.233s] -- Detecting CXX compile features - done
[0.235s] -- Found ament_cmake_auto: 1.3.6 (/opt/ros/humble/share/ament_cmake_auto/cmake)
[0.366s] -- Found Python3: /usr/bin/python3.10 (found version "3.10.12") found components: Interpreter 
[0.427s] -- Checking for module 'eigen3'
[0.434s] --   Found eigen3, version 3.3.7
[0.450s] -- Found Eigen: /usr/include/eigen3 (Required is at least version "3.1") 
[0.450s] -- Eigen found (include: /usr/include/eigen3, version: 3.4.0)
[0.464s] -- Found Boost: /usr/lib/x86_64-linux-gnu/cmake/Boost-1.74.0/BoostConfig.cmake (found suitable version "1.74.0", minimum required is "1.65.0") found components: system filesystem date_time iostreams serialization 
[0.474s] -- Checking for module 'flann'
[0.480s] --   Found flann, version 1.9.1
[0.507s] -- Found FLANN: /usr/lib/x86_64-linux-gnu/libflann_cpp.so  
[0.507s] -- FLANN found (include: /usr/include, lib: /usr/lib/x86_64-linux-gnu/libflann_cpp.so)
[0.530s] -- Looking for pthread.h
[0.575s] -- Looking for pthread.h - found
[0.575s] -- Performing Test CMAKE_HAVE_LIBC_PTHREAD
[0.634s] -- Performing Test CMAKE_HAVE_LIBC_PTHREAD - Success
[0.635s] -- Found Threads: TRUE  
[0.636s] -- Found GLEW: /usr/lib/x86_64-linux-gnu/libGLEW.so  
[0.640s] -- Found OpenGL: /usr/lib/x86_64-linux-gnu/libOpenGL.so  found components: OpenGL GLX 
[0.740s] -- Found MPI_C: /usr/lib/x86_64-linux-gnu/libmpi.so (found version "3.1") 
[0.740s] -- Found MPI: TRUE (found version "3.1") found components: C 
[0.742s] -- Found JsonCpp: /usr/lib/x86_64-linux-gnu/libjsoncpp.so (found suitable version "1.9.5", minimum required is "0.7.0") 
[0.748s] -- Found ZLIB: /usr/lib/x86_64-linux-gnu/libz.so (found version "1.2.11") 
[0.760s] -- Found PNG: /usr/lib/x86_64-linux-gnu/libpng.so (found version "1.6.37") 
[0.767s] -- Found Eigen3: /usr/include/eigen3 (found version "3.4.0") 
[0.814s] -- Found X11: /usr/include   
[0.814s] -- Looking for XOpenDisplay in /usr/lib/x86_64-linux-gnu/libX11.so;/usr/lib/x86_64-linux-gnu/libXext.so
[0.869s] -- Looking for XOpenDisplay in /usr/lib/x86_64-linux-gnu/libX11.so;/usr/lib/x86_64-linux-gnu/libXext.so - found
[0.869s] -- Looking for gethostbyname
[0.932s] -- Looking for gethostbyname - found
[0.932s] -- Looking for connect
[0.974s] -- Looking for connect - found
[0.974s] -- Looking for remove
[1.023s] -- Looking for remove - found
[1.024s] -- Looking for shmat
[1.078s] -- Looking for shmat - found
[1.078s] -- Looking for IceConnectionNumber in ICE
[1.137s] -- Looking for IceConnectionNumber in ICE - found
[1.182s] -- Found EXPAT: /usr/lib/x86_64-linux-gnu/libexpat.so (found version "2.4.7") 
[1.183s] -- Found double-conversion: /usr/lib/x86_64-linux-gnu/libdouble-conversion.so  
[1.185s] -- Found LZ4: /usr/lib/x86_64-linux-gnu/liblz4.so (found version "1.9.3") 
[1.186s] -- Found LZMA: /usr/lib/x86_64-linux-gnu/liblzma.so (found version "5.2.5") 
[1.195s] -- Found JPEG: /usr/lib/x86_64-linux-gnu/libjpeg.so (found version "80") 
[1.200s] -- Found TIFF: /usr/lib/x86_64-linux-gnu/libtiff.so (found version "4.3.0")  
[1.203s] -- Found Freetype: /usr/lib/x86_64-linux-gnu/libfreetype.so (found version "2.11.1") 
[1.207s] -- Found utf8cpp: /usr/include/utf8cpp  
[1.251s] -- Checking for module 'libusb-1.0'
[1.258s] --   Found libusb-1.0, version 1.0.25
[1.278s] -- Found libusb: /usr/lib/x86_64-linux-gnu/libusb-1.0.so  
[1.279s] -- Found OpenNI: /usr/lib/libOpenNI.so;libusb::libusb (found version "1.5.4.0") 
[1.279s] -- OpenNI found (version: 1.5.4.0, include: /usr/include/ni, lib: /usr/lib/libOpenNI.so;libusb::libusb)
[1.311s] -- Found OpenNI2: /usr/lib/x86_64-linux-gnu/libOpenNI2.so;libusb::libusb (found version "2.2.0.33") 
[1.311s] -- OpenNI2 found (version: 2.2.0.33, include: /usr/include/openni2, lib: /usr/lib/x86_64-linux-gnu/libOpenNI2.so;libusb::libusb)
[1.311s] [0m** WARNING ** io features related to pcap will be disabled[0m
[1.412s] -- Eigen found (include: /usr/include/eigen3, version: 3.4.0)
[1.416s] -- OpenNI found (version: 1.5.4.0, include: /usr/include/ni, lib: /usr/lib/libOpenNI.so;libusb::libusb)
[1.420s] -- OpenNI2 found (version: 2.2.0.33, include: /usr/include/openni2, lib: /usr/lib/x86_64-linux-gnu/libOpenNI2.so;libusb::libusb)
[1.513s] -- Found Qhull version 8.0.2
[1.610s] -- OpenNI found (version: 1.5.4.0, include: /usr/include/ni, lib: /usr/lib/libOpenNI.so;libusb::libusb)
[1.703s] -- looking for PCL_COMMON
[1.704s] -- Found PCL_COMMON: /usr/lib/x86_64-linux-gnu/libpcl_common.so  
[1.704s] -- looking for PCL_KDTREE
[1.704s] -- Found PCL_KDTREE: /usr/lib/x86_64-linux-gnu/libpcl_kdtree.so  
[1.704s] -- looking for PCL_OCTREE
[1.705s] -- Found PCL_OCTREE: /usr/lib/x86_64-linux-gnu/libpcl_octree.so  
[1.705s] -- looking for PCL_SEARCH
[1.705s] -- Found PCL_SEARCH: /usr/lib/x86_64-linux-gnu/libpcl_search.so  
[1.706s] -- looking for PCL_SAMPLE_CONSENSUS
[1.706s] -- Found PCL_SAMPLE_CONSENSUS: /usr/lib/x86_64-linux-gnu/libpcl_sample_consensus.so  
[1.706s] -- looking for PCL_FILTERS
[1.707s] -- Found PCL_FILTERS: /usr/lib/x86_64-linux-gnu/libpcl_filters.so  
[1.707s] -- looking for PCL_2D
[1.707s] -- Found PCL_2D: /usr/include/pcl-1.12  
[1.707s] -- looking for PCL_GEOMETRY
[1.707s] -- Found PCL_GEOMETRY: /usr/include/pcl-1.12  
[1.707s] -- looking for PCL_IO
[1.708s] -- Found PCL_IO: /usr/lib/x86_64-linux-gnu/libpcl_io.so  
[1.708s] -- looking for PCL_FEATURES
[1.708s] -- Found PCL_FEATURES: /usr/lib/x86_64-linux-gnu/libpcl_features.so  
[1.708s] -- looking for PCL_ML
[1.709s] -- Found PCL_ML: /usr/lib/x86_64-linux-gnu/libpcl_ml.so  
[1.709s] -- looking for PCL_SEGMENTATION
[1.709s] -- Found PCL_SEGMENTATION: /usr/lib/x86_64-linux-gnu/libpcl_segmentation.so  
[1.710s] -- looking for PCL_VISUALIZATION
[1.710s] -- Found PCL_VISUALIZATION: /usr/lib/x86_64-linux-gnu/libpcl_visualization.so  
[1.710s] -- looking for PCL_SURFACE
[1.711s] -- Found PCL_SURFACE: /usr/lib/x86_64-linux-gnu/libpcl_surface.so  
[1.711s] -- looking for PCL_REGISTRATION
[1.711s] -- Found PCL_REGISTRATION: /usr/lib/x86_64-linux-gnu/libpcl_registration.so  
[1.712s] -- looking for PCL_KEYPOINTS
[1.712s] -- Found PCL_KEYPOINTS: /usr/lib/x86_64-linux-gnu/libpcl_keypoints.so  
[1.712s] -- looking for PCL_TRACKING
[1.713s] -- Found PCL_TRACKING: /usr/lib/x86_64-linux-gnu/libpcl_tracking.so  
[1.713s] -- looking for PCL_RECOGNITION
[1.713s] -- Found PCL_RECOGNITION: /usr/lib/x86_64-linux-gnu/libpcl_recognition.so  
[1.714s] -- looking for PCL_STEREO
[1.714s] -- Found PCL_STEREO: /usr/lib/x86_64-linux-gnu/libpcl_stereo.so  
[1.714s] -- looking for PCL_APPS
[1.715s] -- Found PCL_APPS: /usr/lib/x86_64-linux-gnu/libpcl_apps.so  
[1.715s] -- looking for PCL_IN_HAND_SCANNER
[1.715s] -- Found PCL_IN_HAND_SCANNER: /usr/include/pcl-1.12  
[1.715s] -- looking for PCL_MODELER
[1.715s] -- Found PCL_MODELER: /usr/include/pcl-1.12  
[1.715s] -- looking for PCL_POINT_CLOUD_EDITOR
[1.716s] -- Found PCL_POINT_CLOUD_EDITOR: /usr/include/pcl-1.12  
[1.716s] -- looking for PCL_OUTOFCORE
[1.716s] -- Found PCL_OUTOFCORE: /usr/lib/x86_64-linux-gnu/libpcl_outofcore.so  
[1.716s] -- looking for PCL_PEOPLE
[1.717s] -- Found PCL_PEOPLE: /usr/lib/x86_64-linux-gnu/libpcl_people.so  
[1.717s] -- Found PCL: pcl_common;pcl_kdtree;pcl_octree;pcl_search;pcl_sample_consensus;pcl_filters;pcl_io;pcl_features;pcl_ml;pcl_segmentation;pcl_visualization;pcl_surface;pcl_registration;pcl_keypoints;pcl_tracking;pcl_recognition;pcl_stereo;pcl_apps;pcl_outofcore;pcl_people;Boost::system;Boost::filesystem;Boost::date_time;Boost::iostreams;Boost::serialization;/usr/lib/libOpenNI.so;libusb::libusb;/usr/lib/x86_64-linux-gnu/libOpenNI2.so;libusb::libusb;VTK::ChartsCore;VTK::CommonColor;VTK::CommonComputationalGeometry;VTK::CommonCore;VTK::CommonDataModel;VTK::CommonExecutionModel;VTK::CommonMath;VTK::CommonMisc;VTK::CommonTransforms;VTK::FiltersCore;VTK::FiltersExtraction;VTK::FiltersGeneral;VTK::FiltersGeometry;VTK::FiltersModeling;VTK::FiltersSources;VTK::ImagingCore;VTK::ImagingSources;VTK::InteractionImage;VTK::InteractionStyle;VTK::InteractionWidgets;VTK::IOCore;VTK::IOGeometry;VTK::IOImage;VTK::IOLegacy;VTK::IOPLY;VTK::RenderingAnnotation;VTK::RenderingCore;VTK::RenderingContext2D;VTK::RenderingLOD;VTK::RenderingFreeType;VTK::ViewsCore;VTK::ViewsContext2D;VTK::RenderingOpenGL2;VTK::GUISupportQt;FLANN::FLANN;QHULL::QHULL  
[1.789s] -- Found rosidl_generator_c: 3.1.5 (/opt/ros/humble/share/rosidl_generator_c/cmake)
[1.792s] -- Found rosidl_adapter: 3.1.5 (/opt/ros/humble/share/rosidl_adapter/cmake)
[1.797s] -- Found rosidl_generator_cpp: 3.1.5 (/opt/ros/humble/share/rosidl_generator_cpp/cmake)
[1.806s] -- Using all available rosidl_typesupport_c: rosidl_typesupport_fastrtps_c;rosidl_typesupport_introspection_c
[1.819s] -- Using all available rosidl_typesupport_cpp: rosidl_typesupport_fastrtps_cpp;rosidl_typesupport_introspection_cpp
[1.865s] -- Found rmw_implementation_cmake: 6.1.1 (/opt/ros/humble/share/rmw_implementation_cmake/cmake)
[1.867s] -- Found rmw_fastrtps_cpp: 6.2.5 (/opt/ros/humble/share/rmw_fastrtps_cpp/cmake)
[1.929s] -- Found OpenSSL: /usr/lib/x86_64-linux-gnu/libcrypto.so (found version "3.0.2")  
[1.946s] -- Found FastRTPS: /opt/ros/humble/include  
[1.978s] -- Using RMW implementation 'rmw_fastrtps_cpp' as default
[2.590s] -- Found eigen3_cmake_module: 0.1.1 (/opt/ros/humble/share/eigen3_cmake_module/cmake)
[2.591s] -- Found Eigen3: TRUE (found version "3.3.7") 
[2.591s] -- Ensuring Eigen3 include directory is part of orocos-kdl CMake target
[2.802s] -- Configuring done
[2.841s] -- Generating done
[2.842s] -- Build files have been written to: /home/feihu/shaobing/feihu/src/robot_preparation/linefit_ground_segementation_ros2/build/linefit_ground_segmentation_ros
[2.853s] Invoked command in '/home/feihu/shaobing/feihu/src/robot_preparation/linefit_ground_segementation_ros2/build/linefit_ground_segmentation_ros' returned '0': AMENT_PREFIX_PATH=/home/feihu/shaobing/feihu/src/robot_preparation/linefit_ground_segementation_ros2/install/linefit_ground_segmentation:${AMENT_PREFIX_PATH} CMAKE_PREFIX_PATH=/home/feihu/shaobing/feihu/src/robot_preparation/linefit_ground_segementation_ros2/install/linefit_ground_segmentation:/opt/ros/humble LD_LIBRARY_PATH=/home/feihu/shaobing/feihu/src/robot_preparation/linefit_ground_segementation_ros2/install/linefit_ground_segmentation/lib:/opt/MVS/lib/64:/opt/MVS/lib/32:/opt/MVS/lib/64:/opt/MVS/lib/32:/opt/MVS/lib/64:/opt/MVS/lib/32:/usr/lib/x86_64-linux-gnu/gazebo-11/plugins:/opt/ros/humble/opt/rviz_ogre_vendor/lib:/opt/ros/humble/lib/x86_64-linux-gnu:/opt/ros/humble/lib:/opt/MVS/lib/64:/opt/MVS/lib/32:/opt/MVS/lib/64:/opt/MVS/lib/32:/opt/MVS/lib/64:/opt/MVS/lib/32 /usr/bin/cmake /home/feihu/shaobing/feihu/src/robot_preparation/linefit_ground_segementation_ros2/linefit_ground_segmentation_ros -DCMAKE_INSTALL_PREFIX=/home/feihu/shaobing/feihu/src/robot_preparation/linefit_ground_segementation_ros2/install/linefit_ground_segmentation_ros
[2.855s] Invoking command in '/home/feihu/shaobing/feihu/src/robot_preparation/linefit_ground_segementation_ros2/build/linefit_ground_segmentation_ros': AMENT_PREFIX_PATH=/home/feihu/shaobing/feihu/src/robot_preparation/linefit_ground_segementation_ros2/install/linefit_ground_segmentation:${AMENT_PREFIX_PATH} CMAKE_PREFIX_PATH=/home/feihu/shaobing/feihu/src/robot_preparation/linefit_ground_segementation_ros2/install/linefit_ground_segmentation:/opt/ros/humble LD_LIBRARY_PATH=/home/feihu/shaobing/feihu/src/robot_preparation/linefit_ground_segementation_ros2/install/linefit_ground_segmentation/lib:/opt/MVS/lib/64:/opt/MVS/lib/32:/opt/MVS/lib/64:/opt/MVS/lib/32:/opt/MVS/lib/64:/opt/MVS/lib/32:/usr/lib/x86_64-linux-gnu/gazebo-11/plugins:/opt/ros/humble/opt/rviz_ogre_vendor/lib:/opt/ros/humble/lib/x86_64-linux-gnu:/opt/ros/humble/lib:/opt/MVS/lib/64:/opt/MVS/lib/32:/opt/MVS/lib/64:/opt/MVS/lib/32:/opt/MVS/lib/64:/opt/MVS/lib/32 /usr/bin/cmake --build /home/feihu/shaobing/feihu/src/robot_preparation/linefit_ground_segementation_ros2/build/linefit_ground_segmentation_ros -- -j20 -l20
[2.897s] [ 25%] [32mBuilding CXX object CMakeFiles/ground_segmentation_node.dir/src/ground_segmentation_node.cc.o[0m
[2.897s] [ 50%] [32mBuilding CXX object CMakeFiles/ground_segmentation_test_node.dir/src/ground_segmentation_test_node.cc.o[0m
[8.728s] [ 75%] [32m[1mLinking CXX executable ground_segmentation_test_node[0m
[9.112s] [ 75%] Built target ground_segmentation_test_node
[14.356s] [100%] [32m[1mLinking CXX executable ground_segmentation_node[0m
[14.743s] [100%] Built target ground_segmentation_node
[14.749s] Invoked command in '/home/feihu/shaobing/feihu/src/robot_preparation/linefit_ground_segementation_ros2/build/linefit_ground_segmentation_ros' returned '0': AMENT_PREFIX_PATH=/home/feihu/shaobing/feihu/src/robot_preparation/linefit_ground_segementation_ros2/install/linefit_ground_segmentation:${AMENT_PREFIX_PATH} CMAKE_PREFIX_PATH=/home/feihu/shaobing/feihu/src/robot_preparation/linefit_ground_segementation_ros2/install/linefit_ground_segmentation:/opt/ros/humble LD_LIBRARY_PATH=/home/feihu/shaobing/feihu/src/robot_preparation/linefit_ground_segementation_ros2/install/linefit_ground_segmentation/lib:/opt/MVS/lib/64:/opt/MVS/lib/32:/opt/MVS/lib/64:/opt/MVS/lib/32:/opt/MVS/lib/64:/opt/MVS/lib/32:/usr/lib/x86_64-linux-gnu/gazebo-11/plugins:/opt/ros/humble/opt/rviz_ogre_vendor/lib:/opt/ros/humble/lib/x86_64-linux-gnu:/opt/ros/humble/lib:/opt/MVS/lib/64:/opt/MVS/lib/32:/opt/MVS/lib/64:/opt/MVS/lib/32:/opt/MVS/lib/64:/opt/MVS/lib/32 /usr/bin/cmake --build /home/feihu/shaobing/feihu/src/robot_preparation/linefit_ground_segementation_ros2/build/linefit_ground_segmentation_ros -- -j20 -l20
[14.775s] Invoking command in '/home/feihu/shaobing/feihu/src/robot_preparation/linefit_ground_segementation_ros2/build/linefit_ground_segmentation_ros': AMENT_PREFIX_PATH=/home/feihu/shaobing/feihu/src/robot_preparation/linefit_ground_segementation_ros2/install/linefit_ground_segmentation:${AMENT_PREFIX_PATH} CMAKE_PREFIX_PATH=/home/feihu/shaobing/feihu/src/robot_preparation/linefit_ground_segementation_ros2/install/linefit_ground_segmentation:/opt/ros/humble LD_LIBRARY_PATH=/home/feihu/shaobing/feihu/src/robot_preparation/linefit_ground_segementation_ros2/install/linefit_ground_segmentation/lib:/opt/MVS/lib/64:/opt/MVS/lib/32:/opt/MVS/lib/64:/opt/MVS/lib/32:/opt/MVS/lib/64:/opt/MVS/lib/32:/usr/lib/x86_64-linux-gnu/gazebo-11/plugins:/opt/ros/humble/opt/rviz_ogre_vendor/lib:/opt/ros/humble/lib/x86_64-linux-gnu:/opt/ros/humble/lib:/opt/MVS/lib/64:/opt/MVS/lib/32:/opt/MVS/lib/64:/opt/MVS/lib/32:/opt/MVS/lib/64:/opt/MVS/lib/32 /usr/bin/cmake --install /home/feihu/shaobing/feihu/src/robot_preparation/linefit_ground_segementation_ros2/build/linefit_ground_segmentation_ros
[14.785s] -- Install configuration: ""
[14.785s] -- Installing: /home/feihu/shaobing/feihu/src/robot_preparation/linefit_ground_segementation_ros2/install/linefit_ground_segmentation_ros/lib/linefit_ground_segmentation_ros/ground_segmentation_node
[14.787s] -- Set runtime path of "/home/feihu/shaobing/feihu/src/robot_preparation/linefit_ground_segementation_ros2/install/linefit_ground_segmentation_ros/lib/linefit_ground_segmentation_ros/ground_segmentation_node" to ""
[14.787s] -- Installing: /home/feihu/shaobing/feihu/src/robot_preparation/linefit_ground_segementation_ros2/install/linefit_ground_segmentation_ros/lib/linefit_ground_segmentation_ros/ground_segmentation_test_node
[14.787s] -- Set runtime path of "/home/feihu/shaobing/feihu/src/robot_preparation/linefit_ground_segementation_ros2/install/linefit_ground_segmentation_ros/lib/linefit_ground_segmentation_ros/ground_segmentation_test_node" to ""
[14.787s] -- Installing: /home/feihu/shaobing/feihu/src/robot_preparation/linefit_ground_segementation_ros2/install/linefit_ground_segmentation_ros/share/linefit_ground_segmentation_ros/launch
[14.788s] -- Installing: /home/feihu/shaobing/feihu/src/robot_preparation/linefit_ground_segementation_ros2/install/linefit_ground_segmentation_ros/share/linefit_ground_segmentation_ros/launch/test.launch.py
[14.788s] -- Installing: /home/feihu/shaobing/feihu/src/robot_preparation/linefit_ground_segementation_ros2/install/linefit_ground_segmentation_ros/share/linefit_ground_segmentation_ros/launch/segmentation.launch.py
[14.788s] -- Installing: /home/feihu/shaobing/feihu/src/robot_preparation/linefit_ground_segementation_ros2/install/linefit_ground_segmentation_ros/share/linefit_ground_segmentation_ros/launch/segmentation_params.yaml
[14.788s] -- Installing: /home/feihu/shaobing/feihu/src/robot_preparation/linefit_ground_segementation_ros2/install/linefit_ground_segmentation_ros/share/ament_index/resource_index/package_run_dependencies/linefit_ground_segmentation_ros
[14.788s] -- Installing: /home/feihu/shaobing/feihu/src/robot_preparation/linefit_ground_segementation_ros2/install/linefit_ground_segmentation_ros/share/ament_index/resource_index/parent_prefix_path/linefit_ground_segmentation_ros
[14.788s] -- Installing: /home/feihu/shaobing/feihu/src/robot_preparation/linefit_ground_segementation_ros2/install/linefit_ground_segmentation_ros/share/linefit_ground_segmentation_ros/environment/ament_prefix_path.sh
[14.788s] -- Installing: /home/feihu/shaobing/feihu/src/robot_preparation/linefit_ground_segementation_ros2/install/linefit_ground_segmentation_ros/share/linefit_ground_segmentation_ros/environment/ament_prefix_path.dsv
[14.789s] -- Installing: /home/feihu/shaobing/feihu/src/robot_preparation/linefit_ground_segementation_ros2/install/linefit_ground_segmentation_ros/share/linefit_ground_segmentation_ros/environment/path.sh
[14.789s] -- Installing: /home/feihu/shaobing/feihu/src/robot_preparation/linefit_ground_segementation_ros2/install/linefit_ground_segmentation_ros/share/linefit_ground_segmentation_ros/environment/path.dsv
[14.789s] -- Installing: /home/feihu/shaobing/feihu/src/robot_preparation/linefit_ground_segementation_ros2/install/linefit_ground_segmentation_ros/share/linefit_ground_segmentation_ros/local_setup.bash
[14.789s] -- Installing: /home/feihu/shaobing/feihu/src/robot_preparation/linefit_ground_segementation_ros2/install/linefit_ground_segmentation_ros/share/linefit_ground_segmentation_ros/local_setup.sh
[14.789s] -- Installing: /home/feihu/shaobing/feihu/src/robot_preparation/linefit_ground_segementation_ros2/install/linefit_ground_segmentation_ros/share/linefit_ground_segmentation_ros/local_setup.zsh
[14.789s] -- Installing: /home/feihu/shaobing/feihu/src/robot_preparation/linefit_ground_segementation_ros2/install/linefit_ground_segmentation_ros/share/linefit_ground_segmentation_ros/local_setup.dsv
[14.789s] -- Installing: /home/feihu/shaobing/feihu/src/robot_preparation/linefit_ground_segementation_ros2/install/linefit_ground_segmentation_ros/share/linefit_ground_segmentation_ros/package.dsv
[14.789s] -- Installing: /home/feihu/shaobing/feihu/src/robot_preparation/linefit_ground_segementation_ros2/install/linefit_ground_segmentation_ros/share/ament_index/resource_index/packages/linefit_ground_segmentation_ros
[14.790s] -- Installing: /home/feihu/shaobing/feihu/src/robot_preparation/linefit_ground_segementation_ros2/install/linefit_ground_segmentation_ros/share/linefit_ground_segmentation_ros/cmake/ament_cmake_export_dependencies-extras.cmake
[14.790s] -- Installing: /home/feihu/shaobing/feihu/src/robot_preparation/linefit_ground_segementation_ros2/install/linefit_ground_segmentation_ros/share/linefit_ground_segmentation_ros/cmake/linefit_ground_segmentation_rosConfig.cmake
[14.790s] -- Installing: /home/feihu/shaobing/feihu/src/robot_preparation/linefit_ground_segementation_ros2/install/linefit_ground_segmentation_ros/share/linefit_ground_segmentation_ros/cmake/linefit_ground_segmentation_rosConfig-version.cmake
[14.790s] -- Installing: /home/feihu/shaobing/feihu/src/robot_preparation/linefit_ground_segementation_ros2/install/linefit_ground_segmentation_ros/share/linefit_ground_segmentation_ros/package.xml
[14.792s] Invoked command in '/home/feihu/shaobing/feihu/src/robot_preparation/linefit_ground_segementation_ros2/build/linefit_ground_segmentation_ros' returned '0': AMENT_PREFIX_PATH=/home/feihu/shaobing/feihu/src/robot_preparation/linefit_ground_segementation_ros2/install/linefit_ground_segmentation:${AMENT_PREFIX_PATH} CMAKE_PREFIX_PATH=/home/feihu/shaobing/feihu/src/robot_preparation/linefit_ground_segementation_ros2/install/linefit_ground_segmentation:/opt/ros/humble LD_LIBRARY_PATH=/home/feihu/shaobing/feihu/src/robot_preparation/linefit_ground_segementation_ros2/install/linefit_ground_segmentation/lib:/opt/MVS/lib/64:/opt/MVS/lib/32:/opt/MVS/lib/64:/opt/MVS/lib/32:/opt/MVS/lib/64:/opt/MVS/lib/32:/usr/lib/x86_64-linux-gnu/gazebo-11/plugins:/opt/ros/humble/opt/rviz_ogre_vendor/lib:/opt/ros/humble/lib/x86_64-linux-gnu:/opt/ros/humble/lib:/opt/MVS/lib/64:/opt/MVS/lib/32:/opt/MVS/lib/64:/opt/MVS/lib/32:/opt/MVS/lib/64:/opt/MVS/lib/32 /usr/bin/cmake --install /home/feihu/shaobing/feihu/src/robot_preparation/linefit_ground_segementation_ros2/build/linefit_ground_segmentation_ros
