[0.336s] Invoking command in '/home/hdm/shaobing/rtab_localization': PYTHONPATH=/home/hdm/shaobing/rtab_localization/build/rtab_localization/prefix_override:/home/hdm/shaobing/rtab_localization/install/rtab_localization/lib/python3.10/site-packages:${PYTHONPATH} /usr/bin/python3 -W ignore:setup.py install is deprecated setup.py egg_info --egg-base build/rtab_localization build --build-base /home/hdm/shaobing/rtab_localization/build/rtab_localization/build install --record /home/hdm/shaobing/rtab_localization/build/rtab_localization/install.log --single-version-externally-managed install_data
[0.457s] running egg_info
[0.457s] writing build/rtab_localization/rtab_localization.egg-info/PKG-INFO
[0.457s] writing dependency_links to build/rtab_localization/rtab_localization.egg-info/dependency_links.txt
[0.457s] writing entry points to build/rtab_localization/rtab_localization.egg-info/entry_points.txt
[0.457s] writing requirements to build/rtab_localization/rtab_localization.egg-info/requires.txt
[0.457s] writing top-level names to build/rtab_localization/rtab_localization.egg-info/top_level.txt
[0.458s] reading manifest file 'build/rtab_localization/rtab_localization.egg-info/SOURCES.txt'
[0.459s] writing manifest file 'build/rtab_localization/rtab_localization.egg-info/SOURCES.txt'
[0.459s] running build
[0.459s] running build_py
[0.459s] running install
[0.460s] running install_lib
[0.460s] creating /home/hdm/shaobing/rtab_localization/install/rtab_localization/lib/python3.10/site-packages/rtab_localization
[0.460s] copying /home/hdm/shaobing/rtab_localization/build/rtab_localization/build/lib/rtab_localization/__init__.py -> /home/hdm/shaobing/rtab_localization/install/rtab_localization/lib/python3.10/site-packages/rtab_localization
[0.460s] copying /home/hdm/shaobing/rtab_localization/build/rtab_localization/build/lib/rtab_localization/rtab_localization_launch.py -> /home/hdm/shaobing/rtab_localization/install/rtab_localization/lib/python3.10/site-packages/rtab_localization
[0.460s] byte-compiling /home/hdm/shaobing/rtab_localization/install/rtab_localization/lib/python3.10/site-packages/rtab_localization/__init__.py to __init__.cpython-310.pyc
[0.460s] byte-compiling /home/hdm/shaobing/rtab_localization/install/rtab_localization/lib/python3.10/site-packages/rtab_localization/rtab_localization_launch.py to rtab_localization_launch.cpython-310.pyc
[0.461s] running install_data
[0.461s] creating /home/hdm/shaobing/rtab_localization/install/rtab_localization/share/ament_index
[0.461s] creating /home/hdm/shaobing/rtab_localization/install/rtab_localization/share/ament_index/resource_index
[0.461s] creating /home/hdm/shaobing/rtab_localization/install/rtab_localization/share/ament_index/resource_index/packages
[0.461s] copying resource/rtab_localization -> /home/hdm/shaobing/rtab_localization/install/rtab_localization/share/ament_index/resource_index/packages
[0.461s] copying package.xml -> /home/hdm/shaobing/rtab_localization/install/rtab_localization/share/rtab_localization
[0.461s] creating /home/hdm/shaobing/rtab_localization/install/rtab_localization/share/rtab_localization/launch
[0.461s] copying launch/rtab_localization_launch.py -> /home/hdm/shaobing/rtab_localization/install/rtab_localization/share/rtab_localization/launch
[0.461s] running install_egg_info
[0.462s] Copying build/rtab_localization/rtab_localization.egg-info to /home/hdm/shaobing/rtab_localization/install/rtab_localization/lib/python3.10/site-packages/rtab_localization-0.0.0-py3.10.egg-info
[0.462s] running install_scripts
[0.473s] writing list of installed files to '/home/hdm/shaobing/rtab_localization/build/rtab_localization/install.log'
[0.483s] Invoked command in '/home/hdm/shaobing/rtab_localization' returned '0': PYTHONPATH=/home/hdm/shaobing/rtab_localization/build/rtab_localization/prefix_override:/home/hdm/shaobing/rtab_localization/install/rtab_localization/lib/python3.10/site-packages:${PYTHONPATH} /usr/bin/python3 -W ignore:setup.py install is deprecated setup.py egg_info --egg-base build/rtab_localization build --build-base /home/hdm/shaobing/rtab_localization/build/rtab_localization/build install --record /home/hdm/shaobing/rtab_localization/build/rtab_localization/install.log --single-version-externally-managed install_data
