[0.031s] Invoking command in '/home/feihu/shaobing/feihu/src/robot_preparation/linefit_ground_segementation_ros2/build/linefit_ground_segmentation_ros': AMENT_PREFIX_PATH=/home/feihu/shaobing/feihu/src/robot_preparation/linefit_ground_segementation_ros2/install/linefit_ground_segmentation:${AMENT_PREFIX_PATH} CMAKE_PREFIX_PATH=/home/feihu/shaobing/feihu/src/robot_preparation/linefit_ground_segementation_ros2/install/linefit_ground_segmentation:/opt/ros/humble LD_LIBRARY_PATH=/home/feihu/shaobing/feihu/src/robot_preparation/linefit_ground_segementation_ros2/install/linefit_ground_segmentation/lib:/opt/MVS/lib/64:/opt/MVS/lib/32:/opt/MVS/lib/64:/opt/MVS/lib/32:/opt/MVS/lib/64:/opt/MVS/lib/32:/usr/lib/x86_64-linux-gnu/gazebo-11/plugins:/opt/ros/humble/opt/rviz_ogre_vendor/lib:/opt/ros/humble/lib/x86_64-linux-gnu:/opt/ros/humble/lib:/opt/MVS/lib/64:/opt/MVS/lib/32:/opt/MVS/lib/64:/opt/MVS/lib/32:/opt/MVS/lib/64:/opt/MVS/lib/32 /usr/bin/cmake --build /home/feihu/shaobing/feihu/src/robot_preparation/linefit_ground_segementation_ros2/build/linefit_ground_segmentation_ros -- -j20 -l20
[0.082s] [35m[1mConsolidate compiler generated dependencies of target ground_segmentation_test_node[0m
[0.083s] [35m[1mConsolidate compiler generated dependencies of target ground_segmentation_node[0m
[0.100s] [ 50%] Built target ground_segmentation_test_node
[0.103s] [100%] Built target ground_segmentation_node
[0.110s] Invoked command in '/home/feihu/shaobing/feihu/src/robot_preparation/linefit_ground_segementation_ros2/build/linefit_ground_segmentation_ros' returned '0': AMENT_PREFIX_PATH=/home/feihu/shaobing/feihu/src/robot_preparation/linefit_ground_segementation_ros2/install/linefit_ground_segmentation:${AMENT_PREFIX_PATH} CMAKE_PREFIX_PATH=/home/feihu/shaobing/feihu/src/robot_preparation/linefit_ground_segementation_ros2/install/linefit_ground_segmentation:/opt/ros/humble LD_LIBRARY_PATH=/home/feihu/shaobing/feihu/src/robot_preparation/linefit_ground_segementation_ros2/install/linefit_ground_segmentation/lib:/opt/MVS/lib/64:/opt/MVS/lib/32:/opt/MVS/lib/64:/opt/MVS/lib/32:/opt/MVS/lib/64:/opt/MVS/lib/32:/usr/lib/x86_64-linux-gnu/gazebo-11/plugins:/opt/ros/humble/opt/rviz_ogre_vendor/lib:/opt/ros/humble/lib/x86_64-linux-gnu:/opt/ros/humble/lib:/opt/MVS/lib/64:/opt/MVS/lib/32:/opt/MVS/lib/64:/opt/MVS/lib/32:/opt/MVS/lib/64:/opt/MVS/lib/32 /usr/bin/cmake --build /home/feihu/shaobing/feihu/src/robot_preparation/linefit_ground_segementation_ros2/build/linefit_ground_segmentation_ros -- -j20 -l20
[0.127s] Invoking command in '/home/feihu/shaobing/feihu/src/robot_preparation/linefit_ground_segementation_ros2/build/linefit_ground_segmentation_ros': AMENT_PREFIX_PATH=/home/feihu/shaobing/feihu/src/robot_preparation/linefit_ground_segementation_ros2/install/linefit_ground_segmentation:${AMENT_PREFIX_PATH} CMAKE_PREFIX_PATH=/home/feihu/shaobing/feihu/src/robot_preparation/linefit_ground_segementation_ros2/install/linefit_ground_segmentation:/opt/ros/humble LD_LIBRARY_PATH=/home/feihu/shaobing/feihu/src/robot_preparation/linefit_ground_segementation_ros2/install/linefit_ground_segmentation/lib:/opt/MVS/lib/64:/opt/MVS/lib/32:/opt/MVS/lib/64:/opt/MVS/lib/32:/opt/MVS/lib/64:/opt/MVS/lib/32:/usr/lib/x86_64-linux-gnu/gazebo-11/plugins:/opt/ros/humble/opt/rviz_ogre_vendor/lib:/opt/ros/humble/lib/x86_64-linux-gnu:/opt/ros/humble/lib:/opt/MVS/lib/64:/opt/MVS/lib/32:/opt/MVS/lib/64:/opt/MVS/lib/32:/opt/MVS/lib/64:/opt/MVS/lib/32 /usr/bin/cmake --install /home/feihu/shaobing/feihu/src/robot_preparation/linefit_ground_segementation_ros2/build/linefit_ground_segmentation_ros
[0.133s] -- Install configuration: ""
[0.133s] -- Installing: /home/feihu/shaobing/feihu/src/robot_preparation/linefit_ground_segementation_ros2/install/linefit_ground_segmentation_ros/lib/linefit_ground_segmentation_ros/ground_segmentation_node
[0.142s] -- Set runtime path of "/home/feihu/shaobing/feihu/src/robot_preparation/linefit_ground_segementation_ros2/install/linefit_ground_segmentation_ros/lib/linefit_ground_segmentation_ros/ground_segmentation_node" to ""
[0.142s] -- Installing: /home/feihu/shaobing/feihu/src/robot_preparation/linefit_ground_segementation_ros2/install/linefit_ground_segmentation_ros/lib/linefit_ground_segmentation_ros/ground_segmentation_test_node
[0.145s] -- Set runtime path of "/home/feihu/shaobing/feihu/src/robot_preparation/linefit_ground_segementation_ros2/install/linefit_ground_segmentation_ros/lib/linefit_ground_segmentation_ros/ground_segmentation_test_node" to ""
[0.145s] -- Installing: /home/feihu/shaobing/feihu/src/robot_preparation/linefit_ground_segementation_ros2/install/linefit_ground_segmentation_ros/share/linefit_ground_segmentation_ros/launch
[0.145s] -- Installing: /home/feihu/shaobing/feihu/src/robot_preparation/linefit_ground_segementation_ros2/install/linefit_ground_segmentation_ros/share/linefit_ground_segmentation_ros/launch/test.launch.py
[0.145s] -- Installing: /home/feihu/shaobing/feihu/src/robot_preparation/linefit_ground_segementation_ros2/install/linefit_ground_segmentation_ros/share/linefit_ground_segmentation_ros/launch/segmentation.launch.py
[0.145s] -- Installing: /home/feihu/shaobing/feihu/src/robot_preparation/linefit_ground_segementation_ros2/install/linefit_ground_segmentation_ros/share/linefit_ground_segmentation_ros/launch/segmentation_params.yaml
[0.146s] -- Installing: /home/feihu/shaobing/feihu/src/robot_preparation/linefit_ground_segementation_ros2/install/linefit_ground_segmentation_ros/share/ament_index/resource_index/package_run_dependencies/linefit_ground_segmentation_ros
[0.148s] -- Installing: /home/feihu/shaobing/feihu/src/robot_preparation/linefit_ground_segementation_ros2/install/linefit_ground_segmentation_ros/share/ament_index/resource_index/parent_prefix_path/linefit_ground_segmentation_ros
[0.150s] -- Installing: /home/feihu/shaobing/feihu/src/robot_preparation/linefit_ground_segementation_ros2/install/linefit_ground_segmentation_ros/share/linefit_ground_segmentation_ros/environment/ament_prefix_path.sh
[0.150s] -- Installing: /home/feihu/shaobing/feihu/src/robot_preparation/linefit_ground_segementation_ros2/install/linefit_ground_segmentation_ros/share/linefit_ground_segmentation_ros/environment/ament_prefix_path.dsv
[0.151s] -- Installing: /home/feihu/shaobing/feihu/src/robot_preparation/linefit_ground_segementation_ros2/install/linefit_ground_segmentation_ros/share/linefit_ground_segmentation_ros/environment/path.sh
[0.151s] -- Installing: /home/feihu/shaobing/feihu/src/robot_preparation/linefit_ground_segementation_ros2/install/linefit_ground_segmentation_ros/share/linefit_ground_segmentation_ros/environment/path.dsv
[0.153s] -- Installing: /home/feihu/shaobing/feihu/src/robot_preparation/linefit_ground_segementation_ros2/install/linefit_ground_segmentation_ros/share/linefit_ground_segmentation_ros/local_setup.bash
[0.154s] -- Installing: /home/feihu/shaobing/feihu/src/robot_preparation/linefit_ground_segementation_ros2/install/linefit_ground_segmentation_ros/share/linefit_ground_segmentation_ros/local_setup.sh
[0.156s] -- Installing: /home/feihu/shaobing/feihu/src/robot_preparation/linefit_ground_segementation_ros2/install/linefit_ground_segmentation_ros/share/linefit_ground_segmentation_ros/local_setup.zsh
[0.157s] -- Installing: /home/feihu/shaobing/feihu/src/robot_preparation/linefit_ground_segementation_ros2/install/linefit_ground_segmentation_ros/share/linefit_ground_segmentation_ros/local_setup.dsv
[0.159s] -- Installing: /home/feihu/shaobing/feihu/src/robot_preparation/linefit_ground_segementation_ros2/install/linefit_ground_segmentation_ros/share/linefit_ground_segmentation_ros/package.dsv
[0.161s] -- Installing: /home/feihu/shaobing/feihu/src/robot_preparation/linefit_ground_segementation_ros2/install/linefit_ground_segmentation_ros/share/ament_index/resource_index/packages/linefit_ground_segmentation_ros
[0.161s] -- Installing: /home/feihu/shaobing/feihu/src/robot_preparation/linefit_ground_segementation_ros2/install/linefit_ground_segmentation_ros/share/linefit_ground_segmentation_ros/cmake/ament_cmake_export_dependencies-extras.cmake
[0.162s] -- Installing: /home/feihu/shaobing/feihu/src/robot_preparation/linefit_ground_segementation_ros2/install/linefit_ground_segmentation_ros/share/linefit_ground_segmentation_ros/cmake/linefit_ground_segmentation_rosConfig.cmake
[0.164s] -- Installing: /home/feihu/shaobing/feihu/src/robot_preparation/linefit_ground_segementation_ros2/install/linefit_ground_segmentation_ros/share/linefit_ground_segmentation_ros/cmake/linefit_ground_segmentation_rosConfig-version.cmake
[0.166s] -- Installing: /home/feihu/shaobing/feihu/src/robot_preparation/linefit_ground_segementation_ros2/install/linefit_ground_segmentation_ros/share/linefit_ground_segmentation_ros/package.xml
[0.167s] Invoked command in '/home/feihu/shaobing/feihu/src/robot_preparation/linefit_ground_segementation_ros2/build/linefit_ground_segmentation_ros' returned '0': AMENT_PREFIX_PATH=/home/feihu/shaobing/feihu/src/robot_preparation/linefit_ground_segementation_ros2/install/linefit_ground_segmentation:${AMENT_PREFIX_PATH} CMAKE_PREFIX_PATH=/home/feihu/shaobing/feihu/src/robot_preparation/linefit_ground_segementation_ros2/install/linefit_ground_segmentation:/opt/ros/humble LD_LIBRARY_PATH=/home/feihu/shaobing/feihu/src/robot_preparation/linefit_ground_segementation_ros2/install/linefit_ground_segmentation/lib:/opt/MVS/lib/64:/opt/MVS/lib/32:/opt/MVS/lib/64:/opt/MVS/lib/32:/opt/MVS/lib/64:/opt/MVS/lib/32:/usr/lib/x86_64-linux-gnu/gazebo-11/plugins:/opt/ros/humble/opt/rviz_ogre_vendor/lib:/opt/ros/humble/lib/x86_64-linux-gnu:/opt/ros/humble/lib:/opt/MVS/lib/64:/opt/MVS/lib/32:/opt/MVS/lib/64:/opt/MVS/lib/32:/opt/MVS/lib/64:/opt/MVS/lib/32 /usr/bin/cmake --install /home/feihu/shaobing/feihu/src/robot_preparation/linefit_ground_segementation_ros2/build/linefit_ground_segmentation_ros
