[0.062s] DEBUG:colcon:Command line arguments: ['/usr/bin/colcon', 'build']
[0.062s] DEBUG:colcon:Parsed command line arguments: Namespace(log_base=None, log_level=None, verb_name='build', build_base='build', install_base='install', merge_install=False, symlink_install=False, test_result_base=None, continue_on_error=False, executor='parallel', parallel_workers=24, event_handlers=None, ignore_user_meta=False, metas=['./colcon.meta'], base_paths=['.'], packages_ignore=None, packages_ignore_regex=None, paths=None, packages_up_to=None, packages_up_to_regex=None, packages_above=None, packages_above_and_dependencies=None, packages_above_depth=None, packages_select_by_dep=None, packages_skip_by_dep=None, packages_skip_up_to=None, packages_select_build_failed=False, packages_skip_build_finished=False, packages_select_test_failures=False, packages_skip_test_passed=False, packages_select=None, packages_skip=None, packages_select_regex=None, packages_skip_regex=None, packages_start=None, packages_end=None, allow_overriding=[], cmake_args=None, cmake_target=None, cmake_target_skip_unavailable=False, cmake_clean_cache=False, cmake_clean_first=False, cmake_force_configure=False, ament_cmake_args=None, catkin_cmake_args=None, catkin_skip_building_tests=False, verb_parser=<colcon_defaults.argument_parser.defaults.DefaultArgumentsDecorator object at 0x7a97f951ba00>, verb_extension=<colcon_core.verb.build.BuildVerb object at 0x7a97f96e02e0>, main=<bound method BuildVerb.main of <colcon_core.verb.build.BuildVerb object at 0x7a97f96e02e0>>)
[0.145s] Level 1:colcon.colcon_core.package_discovery:discover_packages(colcon_meta) check parameters
[0.145s] Level 1:colcon.colcon_core.package_discovery:discover_packages(recursive) check parameters
[0.145s] Level 1:colcon.colcon_core.package_discovery:discover_packages(ignore) check parameters
[0.145s] Level 1:colcon.colcon_core.package_discovery:discover_packages(path) check parameters
[0.145s] Level 1:colcon.colcon_core.package_discovery:discover_packages(colcon_meta) discover
[0.145s] Level 1:colcon.colcon_core.package_discovery:discover_packages(recursive) discover
[0.145s] INFO:colcon.colcon_core.package_discovery:Crawling recursively for packages in '/home/hdm/shaobing/rtab_localization'
[0.145s] Level 1:colcon.colcon_core.package_identification:_identify(.) by extensions ['ignore', 'ignore_ament_install']
[0.145s] Level 1:colcon.colcon_core.package_identification:_identify(.) by extension 'ignore'
[0.145s] Level 1:colcon.colcon_core.package_identification:_identify(.) by extension 'ignore_ament_install'
[0.145s] Level 1:colcon.colcon_core.package_identification:_identify(.) by extensions ['colcon_pkg']
[0.145s] Level 1:colcon.colcon_core.package_identification:_identify(.) by extension 'colcon_pkg'
[0.145s] Level 1:colcon.colcon_core.package_identification:_identify(.) by extensions ['colcon_meta']
[0.145s] Level 1:colcon.colcon_core.package_identification:_identify(.) by extension 'colcon_meta'
[0.145s] Level 1:colcon.colcon_core.package_identification:_identify(.) by extensions ['ros']
[0.145s] Level 1:colcon.colcon_core.package_identification:_identify(.) by extension 'ros'
[0.151s] DEBUG:colcon.colcon_core.package_identification:Package '.' with type 'ros.ament_python' and name 'rtab_localization'
[0.151s] Level 1:colcon.colcon_core.package_discovery:discover_packages(recursive) using defaults
[0.152s] Level 1:colcon.colcon_core.package_discovery:discover_packages(ignore) discover
[0.152s] Level 1:colcon.colcon_core.package_discovery:discover_packages(ignore) using defaults
[0.152s] Level 1:colcon.colcon_core.package_discovery:discover_packages(path) discover
[0.152s] Level 1:colcon.colcon_core.package_discovery:discover_packages(path) using defaults
[0.166s] Level 1:colcon.colcon_core.package_discovery:discover_packages(prefix_path) check parameters
[0.166s] Level 1:colcon.colcon_core.package_discovery:discover_packages(prefix_path) discover
[0.167s] WARNING:colcon.colcon_ros.prefix_path.ament:The path '/home/hdm/shaobing/rtab_localization/install/rtab_localization' in the environment variable AMENT_PREFIX_PATH doesn't exist
[0.168s] DEBUG:colcon.colcon_installed_package_information.package_discovery:Found 0 installed packages in /home/hdm/shaobing/rtab_localization/install
[0.168s] DEBUG:colcon.colcon_installed_package_information.package_discovery:Found 2 installed packages in /home/hdm/imu_ros2/install
[0.168s] DEBUG:colcon.colcon_installed_package_information.package_discovery:Found 14 installed packages in /home/hdm/rtab/install
[0.168s] DEBUG:colcon.colcon_installed_package_information.package_discovery:Found 18 installed packages in /home/hdm/orbbec_ws/install
[0.169s] DEBUG:colcon.colcon_installed_package_information.package_discovery:Found 431 installed packages in /opt/ros/humble
[0.170s] Level 1:colcon.colcon_core.package_discovery:discover_packages(prefix_path) using defaults
[0.196s] Level 5:colcon.colcon_core.verb:set package 'rtab_localization' build argument 'cmake_args' from command line to 'None'
[0.196s] Level 5:colcon.colcon_core.verb:set package 'rtab_localization' build argument 'cmake_target' from command line to 'None'
[0.196s] Level 5:colcon.colcon_core.verb:set package 'rtab_localization' build argument 'cmake_target_skip_unavailable' from command line to 'False'
[0.196s] Level 5:colcon.colcon_core.verb:set package 'rtab_localization' build argument 'cmake_clean_cache' from command line to 'False'
[0.196s] Level 5:colcon.colcon_core.verb:set package 'rtab_localization' build argument 'cmake_clean_first' from command line to 'False'
[0.196s] Level 5:colcon.colcon_core.verb:set package 'rtab_localization' build argument 'cmake_force_configure' from command line to 'False'
[0.196s] Level 5:colcon.colcon_core.verb:set package 'rtab_localization' build argument 'ament_cmake_args' from command line to 'None'
[0.196s] Level 5:colcon.colcon_core.verb:set package 'rtab_localization' build argument 'catkin_cmake_args' from command line to 'None'
[0.196s] Level 5:colcon.colcon_core.verb:set package 'rtab_localization' build argument 'catkin_skip_building_tests' from command line to 'False'
[0.196s] DEBUG:colcon.colcon_core.verb:Building package 'rtab_localization' with the following arguments: {'ament_cmake_args': None, 'build_base': '/home/hdm/shaobing/rtab_localization/build/rtab_localization', 'catkin_cmake_args': None, 'catkin_skip_building_tests': False, 'cmake_args': None, 'cmake_clean_cache': False, 'cmake_clean_first': False, 'cmake_force_configure': False, 'cmake_target': None, 'cmake_target_skip_unavailable': False, 'install_base': '/home/hdm/shaobing/rtab_localization/install/rtab_localization', 'merge_install': False, 'path': '/home/hdm/shaobing/rtab_localization', 'symlink_install': False, 'test_result_base': None}
[0.196s] INFO:colcon.colcon_core.executor:Executing jobs using 'parallel' executor
[0.196s] DEBUG:colcon.colcon_parallel_executor.executor.parallel:run_until_complete
[0.197s] INFO:colcon.colcon_ros.task.ament_python.build:Building ROS package in '/home/hdm/shaobing/rtab_localization' with build type 'ament_python'
[0.197s] Level 1:colcon.colcon_core.shell:create_environment_hook('rtab_localization', 'ament_prefix_path')
[0.198s] INFO:colcon.colcon_core.plugin_system:Skipping extension 'colcon_core.shell.bat': Not used on non-Windows systems
[0.198s] INFO:colcon.colcon_core.shell:Creating environment hook '/home/hdm/shaobing/rtab_localization/install/rtab_localization/share/rtab_localization/hook/ament_prefix_path.ps1'
[0.198s] INFO:colcon.colcon_core.shell:Creating environment descriptor '/home/hdm/shaobing/rtab_localization/install/rtab_localization/share/rtab_localization/hook/ament_prefix_path.dsv'
[0.198s] INFO:colcon.colcon_core.shell:Creating environment hook '/home/hdm/shaobing/rtab_localization/install/rtab_localization/share/rtab_localization/hook/ament_prefix_path.sh'
[0.199s] INFO:colcon.colcon_core.shell:Skip shell extension 'powershell' for command environment: Not usable outside of PowerShell
[0.199s] DEBUG:colcon.colcon_core.shell:Skip shell extension 'dsv' for command environment
[0.340s] INFO:colcon.colcon_core.task.python.build:Building Python package in '/home/hdm/shaobing/rtab_localization'
[0.340s] INFO:colcon.colcon_core.shell:Skip shell extension 'powershell' for command environment: Not usable outside of PowerShell
[0.340s] DEBUG:colcon.colcon_core.shell:Skip shell extension 'dsv' for command environment
[0.533s] DEBUG:colcon.colcon_core.event_handler.log_command:Invoking command in '/home/hdm/shaobing/rtab_localization': PYTHONPATH=/home/hdm/shaobing/rtab_localization/build/rtab_localization/prefix_override:/home/hdm/shaobing/rtab_localization/install/rtab_localization/lib/python3.10/site-packages:${PYTHONPATH} /usr/bin/python3 -W ignore:setup.py install is deprecated setup.py egg_info --egg-base build/rtab_localization build --build-base /home/hdm/shaobing/rtab_localization/build/rtab_localization/build install --record /home/hdm/shaobing/rtab_localization/build/rtab_localization/install.log --single-version-externally-managed install_data
[0.680s] DEBUG:colcon.colcon_core.event_handler.log_command:Invoked command in '/home/hdm/shaobing/rtab_localization' returned '0': PYTHONPATH=/home/hdm/shaobing/rtab_localization/build/rtab_localization/prefix_override:/home/hdm/shaobing/rtab_localization/install/rtab_localization/lib/python3.10/site-packages:${PYTHONPATH} /usr/bin/python3 -W ignore:setup.py install is deprecated setup.py egg_info --egg-base build/rtab_localization build --build-base /home/hdm/shaobing/rtab_localization/build/rtab_localization/build install --record /home/hdm/shaobing/rtab_localization/build/rtab_localization/install.log --single-version-externally-managed install_data
[0.681s] Level 1:colcon.colcon_core.environment:checking '/home/hdm/shaobing/rtab_localization/install/rtab_localization' for CMake module files
[0.682s] Level 1:colcon.colcon_core.environment:checking '/home/hdm/shaobing/rtab_localization/install/rtab_localization' for CMake config files
[0.682s] Level 1:colcon.colcon_core.environment:checking '/home/hdm/shaobing/rtab_localization/install/rtab_localization/lib'
[0.682s] Level 1:colcon.colcon_core.environment:checking '/home/hdm/shaobing/rtab_localization/install/rtab_localization/bin'
[0.682s] Level 1:colcon.colcon_core.environment:checking '/home/hdm/shaobing/rtab_localization/install/rtab_localization/lib/pkgconfig/rtab_localization.pc'
[0.682s] Level 1:colcon.colcon_core.environment:checking '/home/hdm/shaobing/rtab_localization/install/rtab_localization/lib/python3.10/site-packages'
[0.682s] Level 1:colcon.colcon_core.shell:create_environment_hook('rtab_localization', 'pythonpath')
[0.682s] INFO:colcon.colcon_core.shell:Creating environment hook '/home/hdm/shaobing/rtab_localization/install/rtab_localization/share/rtab_localization/hook/pythonpath.ps1'
[0.682s] INFO:colcon.colcon_core.shell:Creating environment descriptor '/home/hdm/shaobing/rtab_localization/install/rtab_localization/share/rtab_localization/hook/pythonpath.dsv'
[0.683s] INFO:colcon.colcon_core.shell:Creating environment hook '/home/hdm/shaobing/rtab_localization/install/rtab_localization/share/rtab_localization/hook/pythonpath.sh'
[0.683s] Level 1:colcon.colcon_core.environment:checking '/home/hdm/shaobing/rtab_localization/install/rtab_localization/bin'
[0.683s] Level 1:colcon.colcon_core.environment:create_environment_scripts_only(rtab_localization)
[0.683s] INFO:colcon.colcon_core.shell:Creating package script '/home/hdm/shaobing/rtab_localization/install/rtab_localization/share/rtab_localization/package.ps1'
[0.683s] INFO:colcon.colcon_core.shell:Creating package descriptor '/home/hdm/shaobing/rtab_localization/install/rtab_localization/share/rtab_localization/package.dsv'
[0.683s] INFO:colcon.colcon_core.shell:Creating package script '/home/hdm/shaobing/rtab_localization/install/rtab_localization/share/rtab_localization/package.sh'
[0.684s] INFO:colcon.colcon_core.shell:Creating package script '/home/hdm/shaobing/rtab_localization/install/rtab_localization/share/rtab_localization/package.bash'
[0.684s] INFO:colcon.colcon_core.shell:Creating package script '/home/hdm/shaobing/rtab_localization/install/rtab_localization/share/rtab_localization/package.zsh'
[0.684s] Level 1:colcon.colcon_core.environment:create_file_with_runtime_dependencies(/home/hdm/shaobing/rtab_localization/install/rtab_localization/share/colcon-core/packages/rtab_localization)
[0.684s] DEBUG:colcon.colcon_parallel_executor.executor.parallel:closing loop
[0.684s] DEBUG:colcon.colcon_parallel_executor.executor.parallel:loop closed
[0.684s] DEBUG:colcon.colcon_parallel_executor.executor.parallel:run_until_complete finished with '0'
[0.684s] DEBUG:colcon.colcon_core.event_reactor:joining thread
[0.688s] INFO:colcon.colcon_core.plugin_system:Skipping extension 'colcon_notification.desktop_notification.terminal_notifier': Not used on non-Darwin systems
[0.688s] INFO:colcon.colcon_core.plugin_system:Skipping extension 'colcon_notification.desktop_notification.win32': Not used on non-Windows systems
[0.688s] INFO:colcon.colcon_notification.desktop_notification:Sending desktop notification using 'notify2'
[0.696s] DEBUG:colcon.colcon_core.event_reactor:joined thread
[0.696s] INFO:colcon.colcon_core.shell:Creating prefix script '/home/hdm/shaobing/rtab_localization/install/local_setup.ps1'
[0.697s] INFO:colcon.colcon_core.shell:Creating prefix util module '/home/hdm/shaobing/rtab_localization/install/_local_setup_util_ps1.py'
[0.697s] INFO:colcon.colcon_core.shell:Creating prefix chain script '/home/hdm/shaobing/rtab_localization/install/setup.ps1'
[0.698s] INFO:colcon.colcon_core.shell:Creating prefix script '/home/hdm/shaobing/rtab_localization/install/local_setup.sh'
[0.698s] INFO:colcon.colcon_core.shell:Creating prefix util module '/home/hdm/shaobing/rtab_localization/install/_local_setup_util_sh.py'
[0.698s] INFO:colcon.colcon_core.shell:Creating prefix chain script '/home/hdm/shaobing/rtab_localization/install/setup.sh'
[0.699s] INFO:colcon.colcon_core.shell:Creating prefix script '/home/hdm/shaobing/rtab_localization/install/local_setup.bash'
[0.700s] INFO:colcon.colcon_core.shell:Creating prefix chain script '/home/hdm/shaobing/rtab_localization/install/setup.bash'
[0.700s] INFO:colcon.colcon_core.shell:Creating prefix script '/home/hdm/shaobing/rtab_localization/install/local_setup.zsh'
[0.701s] INFO:colcon.colcon_core.shell:Creating prefix chain script '/home/hdm/shaobing/rtab_localization/install/setup.zsh'
