-- Install configuration: ""
-- Up-to-date: /home/feihu/shaobing/feihu/src/robot_cartographer/install/robot_cartographer/share/robot_cartographer/config
-- Up-to-date: /home/feihu/shaobing/feihu/src/robot_cartographer/install/robot_cartographer/share/robot_cartographer/config/cartographer.rviz
-- Up-to-date: /home/feihu/shaobing/feihu/src/robot_cartographer/install/robot_cartographer/share/robot_cartographer/config/fishbot_2d.lua
-- Up-to-date: /home/feihu/shaobing/feihu/src/robot_cartographer/install/robot_cartographer/share/robot_cartographer/config/fishbot_laser_2d.lua
-- Up-to-date: /home/feihu/shaobing/feihu/src/robot_cartographer/install/robot_cartographer/share/robot_cartographer/launch
-- Installing: /home/feihu/shaobing/feihu/src/robot_cartographer/install/robot_cartographer/share/robot_cartographer/launch/cartographer.launch.py
-- Up-to-date: /home/feihu/shaobing/feihu/src/robot_cartographer/install/robot_cartographer/share/robot_cartographer/rviz
-- Up-to-date: /home/feihu/shaobing/feihu/src/robot_cartographer/install/robot_cartographer/share/robot_cartographer/rviz/fishbot_cartographer.rviz
-- Up-to-date: /home/feihu/shaobing/feihu/src/robot_cartographer/install/robot_cartographer/share/ament_index/resource_index/package_run_dependencies/robot_cartographer
-- Up-to-date: /home/feihu/shaobing/feihu/src/robot_cartographer/install/robot_cartographer/share/ament_index/resource_index/parent_prefix_path/robot_cartographer
-- Up-to-date: /home/feihu/shaobing/feihu/src/robot_cartographer/install/robot_cartographer/share/robot_cartographer/environment/ament_prefix_path.sh
-- Up-to-date: /home/feihu/shaobing/feihu/src/robot_cartographer/install/robot_cartographer/share/robot_cartographer/environment/ament_prefix_path.dsv
-- Up-to-date: /home/feihu/shaobing/feihu/src/robot_cartographer/install/robot_cartographer/share/robot_cartographer/environment/path.sh
-- Up-to-date: /home/feihu/shaobing/feihu/src/robot_cartographer/install/robot_cartographer/share/robot_cartographer/environment/path.dsv
-- Up-to-date: /home/feihu/shaobing/feihu/src/robot_cartographer/install/robot_cartographer/share/robot_cartographer/local_setup.bash
-- Up-to-date: /home/feihu/shaobing/feihu/src/robot_cartographer/install/robot_cartographer/share/robot_cartographer/local_setup.sh
-- Up-to-date: /home/feihu/shaobing/feihu/src/robot_cartographer/install/robot_cartographer/share/robot_cartographer/local_setup.zsh
-- Up-to-date: /home/feihu/shaobing/feihu/src/robot_cartographer/install/robot_cartographer/share/robot_cartographer/local_setup.dsv
-- Up-to-date: /home/feihu/shaobing/feihu/src/robot_cartographer/install/robot_cartographer/share/robot_cartographer/package.dsv
-- Up-to-date: /home/feihu/shaobing/feihu/src/robot_cartographer/install/robot_cartographer/share/ament_index/resource_index/packages/robot_cartographer
-- Up-to-date: /home/feihu/shaobing/feihu/src/robot_cartographer/install/robot_cartographer/share/robot_cartographer/cmake/robot_cartographerConfig.cmake
-- Up-to-date: /home/feihu/shaobing/feihu/src/robot_cartographer/install/robot_cartographer/share/robot_cartographer/cmake/robot_cartographerConfig-version.cmake
-- Up-to-date: /home/feihu/shaobing/feihu/src/robot_cartographer/install/robot_cartographer/share/robot_cartographer/package.xml
